<?xml version="1.0" encoding="UTF-8"?>
<!-- Generated by org.testng.reporters.JUnitReportReporter -->
<testsuite hostname="sk" failures="0" tests="3" name="com.workspace.LoginTestCase" time="45.088" errors="0" timestamp="2023-07-20T15:09:51 IST" skipped="0">
  <testcase classname="com.workspace.LoginTestCase" name="LoginWith_Validuser_InvalidPassword" time="25.289"/>
  <system-out/>
  <testcase classname="com.workspace.LoginTestCase" name="LoginWith_inValiduser_validPassword" time="11.031"/>
  <system-out/>
  <testcase classname="com.workspace.LoginTestCase" name="LoginWith_Validuser_validPassword" time="8.768"/>
  <system-out/>
</testsuite> <!-- com.workspace.LoginTestCase -->
