<?xml version="1.0" encoding="UTF-8"?>
<!-- Generated by org.testng.reporters.JUnitReportReporter -->
<testsuite hostname="sk" failures="0" tests="2" name="com.workspace.MyTask" time="227.723" errors="0" timestamp="2023-07-20T12:52:31 IST" skipped="0">
  <testcase classname="com.workspace.MyTask" name="handlingalerts" time="227.715"/>
  <system-out/>
  <testcase classname="com.workspace.MyTask" name="SinupDetails" time="0.008"/>
  <system-out/>
</testsuite> <!-- com.workspace.MyTask -->
