<?xml version="1.0" encoding="UTF-8"?>
<!-- Generated by org.testng.reporters.JUnitReportReporter -->
<testsuite hostname="sk" failures="0" tests="1" name="com.workspace.PractinaRegister" time="99.307" errors="0" timestamp="2023-07-20T14:29:03 IST" skipped="0">
  <testcase classname="com.workspace.PractinaRegister" name="handlingalerts" time="99.307"/>
  <system-out/>
</testsuite> <!-- com.workspace.PractinaRegister -->
