<?xml version="1.0" encoding="UTF-8"?>
<!-- Generated by org.testng.reporters.JUnitReportReporter -->
<testsuite hostname="sk" failures="0" tests="1" name="com.workspace.Login" time="43.305" errors="0" timestamp="2023-07-20T17:04:24 IST" skipped="0">
  <testcase classname="com.workspace.Login" name="login" time="43.305"/>
  <system-out/>
</testsuite> <!-- com.workspace.Login -->
